2025-07-10 18:05:11,301 - INFO - \u2705 Inserted: Manoj \u2192 2024-01-12 00:00:00
2025-07-10 18:05:11,354 - INFO - \u2705 Inserted: krish \u2192 2025-03-14 00:00:00
2025-07-10 18:05:11,748 - INFO - \U0001f501 Updated: Manoj \u2192 2024-01-12 00:00:00
2025-07-10 18:05:11,778 - INFO - \U0001f501 Updated: krish \u2192 2025-03-14 00:00:00
2025-07-10 18:07:20,827 - INFO - \U0001f501 Updated: Manoj \u2192 2024-01-12 00:00:00
2025-07-10 18:07:20,839 - INFO - \U0001f501 Updated: krish \u2192 2025-03-14 00:00:00
2025-07-10 18:07:20,842 - INFO - \u2705 Inserted: Sai \u2192 2025-04-16 00:00:00
2025-07-10 18:07:20,855 - INFO - \u2705 Inserted: Akhil \u2192 2025-04-25 00:00:00
2025-07-10 18:07:20,883 - INFO - \U0001f501 Updated: Manoj \u2192 2024-01-12 00:00:00
2025-07-10 18:07:20,889 - INFO - \U0001f501 Updated: krish \u2192 2025-03-14 00:00:00
2025-07-10 18:07:20,891 - INFO - \U0001f501 Updated: Sai \u2192 2025-04-16 00:00:00
2025-07-10 18:07:20,896 - INFO - \U0001f501 Updated: Akhil \u2192 2025-04-25 00:00:00
2025-07-10 18:07:43,010 - INFO - \U0001f501 Updated: Manoj \u2192 2024-01-12 00:00:00
2025-07-10 18:07:43,019 - INFO - \U0001f501 Updated: krish \u2192 2025-03-14 00:00:00
2025-07-10 18:07:43,025 - INFO - \U0001f501 Updated: Sai \u2192 2025-04-16 00:00:00
2025-07-10 18:12:08,351 - INFO - \U0001f501 Updated: Manoj \u2192 2024-01-12 00:00:00
2025-07-10 18:12:08,361 - INFO - \U0001f501 Updated: krish \u2192 2025-03-14 00:00:00
2025-07-10 18:12:08,377 - INFO - \U0001f501 Updated: Sai \u2192 2025-04-16 00:00:00
2025-07-10 18:12:08,387 - INFO - \u2705 Inserted: saikumar \u2192 2025-05-01 00:00:00
2025-07-10 18:12:08,477 - INFO - \U0001f501 Updated: Manoj \u2192 2024-01-12 00:00:00
2025-07-10 18:12:08,486 - INFO - \U0001f501 Updated: krish \u2192 2025-03-14 00:00:00
2025-07-10 18:12:08,496 - INFO - \U0001f501 Updated: Sai \u2192 2025-04-16 00:00:00
2025-07-10 18:12:08,507 - INFO - \U0001f501 Updated: saikumar \u2192 2025-05-01 00:00:00
2025-07-10 18:12:09,563 - INFO - \U0001f501 Updated: Manoj \u2192 2024-01-12 00:00:00
2025-07-10 18:12:09,570 - INFO - \U0001f501 Updated: krish \u2192 2025-03-14 00:00:00
2025-07-10 18:12:09,579 - INFO - \U0001f501 Updated: Sai \u2192 2025-04-16 00:00:00
2025-07-10 18:12:09,590 - INFO - \U0001f501 Updated: saikumar \u2192 2025-05-01 00:00:00
2025-07-10 18:12:09,654 - INFO - \U0001f501 Updated: Manoj \u2192 2024-01-12 00:00:00
2025-07-10 18:12:09,662 - INFO - \U0001f501 Updated: krish \u2192 2025-03-14 00:00:00
2025-07-10 18:12:09,668 - INFO - \U0001f501 Updated: Sai \u2192 2025-04-16 00:00:00
2025-07-10 18:12:09,673 - INFO - \U0001f501 Updated: saikumar \u2192 2025-05-01 00:00:00
