2025-07-10 11:47:27,584 - INFO - Updated: Maskam Manoj Kumar \u2192 2025-07-11 00:00:00
2025-07-10 11:47:27,595 - INFO - Updated: Thota sai kumar \u2192 2025-08-11 00:00:00
2025-07-10 11:53:37,337 - INFO - Updated: Maskam Manoj Kumar \u2192 2025-07-11 00:00:00
2025-07-10 11:53:37,340 - INFO - Updated: Thota Sai kumar \u2192 2025-08-11 00:00:00
2025-07-10 11:53:37,344 - INFO - Inserted: Jeedi Saikumar \u2192 2025-07-12 00:00:00
2025-07-10 11:53:37,366 - INFO - Updated: Maskam Manoj Kumar \u2192 2025-07-11 00:00:00
2025-07-10 11:53:37,372 - INFO - Updated: Thota Sai kumar \u2192 2025-08-11 00:00:00
2025-07-10 11:53:37,375 - INFO - Updated: Jeedi Saikumar \u2192 2025-07-12 00:00:00
2025-07-10 11:53:53,535 - INFO - Updated: Maskam Manoj Kumar \u2192 2025-07-11 00:00:00
2025-07-10 11:53:53,542 - INFO - Updated: Thota Sai kumar \u2192 2025-08-11 00:00:00
2025-07-10 11:53:53,563 - INFO - Updated: Maskam Manoj Kumar \u2192 2025-07-11 00:00:00
2025-07-10 11:53:53,566 - INFO - Updated: Thota Sai kumar \u2192 2025-08-11 00:00:00
2025-07-10 12:24:03,185 - INFO - Updated: Maskam Manoj Kumar \u2192 2025-07-11 00:00:00
2025-07-10 12:24:03,191 - INFO - Updated: Thota Sai kumar \u2192 2025-08-11 00:00:00
2025-07-10 12:24:03,196 - INFO - Updated: Jeedi Saikumar \u2192 2025-07-11 00:00:00
2025-07-10 12:24:03,227 - INFO - Updated: Maskam Manoj Kumar \u2192 2025-07-11 00:00:00
2025-07-10 12:24:03,232 - INFO - Updated: Thota Sai kumar \u2192 2025-08-11 00:00:00
2025-07-10 12:24:03,233 - INFO - Updated: Jeedi Saikumar \u2192 2025-07-11 00:00:00
2025-07-10 12:24:40,566 - INFO - Updated: Maskam Manoj Kumar \u2192 2025-07-11 00:00:00
2025-07-10 12:24:40,571 - INFO - Updated: Thota Sai kumar \u2192 2025-08-11 00:00:00
2025-07-10 12:24:40,575 - INFO - Updated: Jeedi Saikumar \u2192 2025-07-11 00:00:00
2025-07-10 12:24:40,581 - INFO - Inserted: Panaganta Akhil agoud \u2192 2025-07-12 00:00:00
2025-07-10 12:24:40,604 - INFO - Updated: Maskam Manoj Kumar \u2192 2025-07-11 00:00:00
2025-07-10 12:24:40,604 - INFO - Updated: Thota Sai kumar \u2192 2025-08-11 00:00:00
2025-07-10 12:24:40,610 - INFO - Updated: Jeedi Saikumar \u2192 2025-07-11 00:00:00
2025-07-10 12:24:40,612 - INFO - Updated: Panaganta Akhil agoud \u2192 2025-07-12 00:00:00
