2025-07-11 18:21:52,674 - INFO - \u2705 Inserted: manoj \u2192 2025-07-12 00:00:00
2025-07-11 18:21:52,735 - INFO - \u2705 Inserted: sai \u2192 2025-07-13 00:00:00
2025-07-11 18:21:52,740 - INFO - \u2705 Inserted: sai \u2192 2025-07-13 00:00:00
2025-07-11 18:27:58,233 - INFO - \u2705 Inserted: manoj \u2192 2025-10-12 00:00:00
2025-07-11 18:27:58,261 - INFO - \U0001f501 Updated: manoj \u2192 2025-10-12 00:00:00
2025-07-11 18:28:35,002 - INFO - \U0001f501 Updated: manoj \u2192 2025-10-12 00:00:00
2025-07-11 18:28:35,007 - INFO - \u2705 Inserted: sai \u2192 2025-10-12 00:00:00
2025-07-11 18:28:35,049 - INFO - \U0001f501 Updated: manoj \u2192 2025-10-12 00:00:00
2025-07-11 18:28:35,054 - INFO - \U0001f501 Updated: sai \u2192 2025-10-12 00:00:00
2025-07-11 18:40:09,381 - INFO - \u2705 Inserted: manoj \u2192 2025-07-12 00:00:00
2025-07-11 18:40:09,404 - INFO - \u2705 Inserted: sai \u2192 2025-07-12 00:00:00
2025-07-11 18:40:09,432 - INFO - \U0001f501 Updated: manoj \u2192 2025-07-12 00:00:00
2025-07-11 18:40:09,435 - INFO - \U0001f501 Updated: sai \u2192 2025-07-12 00:00:00
2025-07-11 18:47:04,974 - INFO - \u2705 Inserted: vinay \u2192 2025-07-12 00:00:00
2025-07-11 18:47:04,987 - INFO - \u2705 Inserted: srujan  \u2192 2025-07-12 00:00:00
2025-07-11 18:47:05,018 - INFO - \U0001f501 Updated: vinay \u2192 2025-07-12 00:00:00
2025-07-11 18:47:05,023 - INFO - \U0001f501 Updated: srujan  \u2192 2025-07-12 00:00:00
2025-07-11 18:51:21,391 - INFO - \U0001f5d1 Deleted: srujan 
2025-07-11 18:51:21,539 - INFO - \U0001f504 Serial numbers resequenced.
2025-07-11 18:51:21,544 - INFO - \U0001f5d1 Deleted: vinay
2025-07-11 18:51:21,570 - INFO - \U0001f504 Serial numbers resequenced.
2025-07-11 18:52:04,448 - INFO - \u2705 Inserted: pranay \u2192 2025-07-12 00:00:00
2025-07-11 18:52:04,473 - INFO - \u2705 Inserted: naresh \u2192 2025-07-12 00:00:00
2025-07-11 18:52:04,544 - INFO - \U0001f501 Updated: pranay \u2192 2025-07-12 00:00:00
2025-07-11 18:52:04,546 - INFO - \U0001f501 Updated: naresh \u2192 2025-07-12 00:00:00
2025-07-11 18:52:31,411 - INFO - \U0001f501 Updated: pranay \u2192 2025-07-12 00:00:00
2025-07-11 18:52:31,422 - INFO - \U0001f5d1 Deleted: naresh
2025-07-11 18:52:31,532 - INFO - \U0001f504 Serial numbers resequenced.
2025-07-11 18:52:31,551 - INFO - \U0001f501 Updated: pranay \u2192 2025-07-12 00:00:00
2025-07-11 18:53:06,309 - INFO - \U0001f501 Updated: pranay \u2192 2025-07-12 00:00:00
2025-07-11 18:53:06,312 - INFO - \u2705 Inserted: suresh \u2192 2025-07-12 00:00:00
2025-07-11 18:53:06,328 - INFO - \u2705 Inserted: naresh \u2192 2025-07-12 00:00:00
2025-07-11 18:53:06,389 - INFO - \U0001f501 Updated: pranay \u2192 2025-07-12 00:00:00
2025-07-11 18:53:06,391 - INFO - \U0001f501 Updated: suresh \u2192 2025-07-12 00:00:00
2025-07-11 18:53:06,396 - INFO - \U0001f501 Updated: naresh \u2192 2025-07-12 00:00:00
2025-07-11 18:53:17,560 - INFO - \U0001f501 Updated: pranay \u2192 2025-07-12 00:00:00
2025-07-11 18:53:17,605 - INFO - \u2705 Inserted: NaT \u2192 NaT
2025-07-11 18:53:17,639 - INFO - \U0001f501 Updated: naresh \u2192 2025-07-12 00:00:00
2025-07-11 18:53:17,671 - INFO - \U0001f5d1 Deleted: 0001-01-01 00:00:00
2025-07-11 18:53:17,776 - INFO - \U0001f504 Serial numbers resequenced.
2025-07-11 18:53:17,789 - INFO - \U0001f5d1 Deleted: suresh
2025-07-11 18:53:17,871 - INFO - \U0001f504 Serial numbers resequenced.
2025-07-11 18:53:17,906 - INFO - \U0001f501 Updated: pranay \u2192 2025-07-12 00:00:00
2025-07-11 18:53:17,911 - INFO - \u2705 Inserted: NaT \u2192 NaT
2025-07-11 18:53:17,923 - INFO - \U0001f501 Updated: naresh \u2192 2025-07-12 00:00:00
2025-07-11 18:53:17,942 - INFO - \U0001f5d1 Deleted: 0001-01-01 00:00:00
2025-07-11 18:53:17,970 - INFO - \U0001f504 Serial numbers resequenced.
2025-07-11 18:56:23,332 - INFO - \U0001f501 Updated: pranay \u2192 2025-07-12 00:00:00
2025-07-11 18:56:23,337 - INFO - \U0001f501 Updated: naresh \u2192 2025-07-12 00:00:00
2025-07-11 18:56:23,355 - INFO - \U0001f501 Updated: pranay \u2192 2025-07-12 00:00:00
2025-07-11 18:56:23,361 - INFO - \U0001f501 Updated: naresh \u2192 2025-07-12 00:00:00
2025-07-11 18:56:37,311 - INFO - \U0001f5d1 Deleted: naresh
2025-07-11 18:56:37,337 - INFO - \U0001f504 Serial numbers resequenced.
2025-07-11 18:56:37,342 - INFO - \U0001f5d1 Deleted: pranay
2025-07-11 18:56:37,359 - INFO - \U0001f504 Serial numbers resequenced.
